<?xml version="1.0" encoding="UTF-8"?>
<testsuites>
  <testsuite name="BagIt Tests" tests="17" assertions="49" failures="0" errors="0" time="3.099363">
    <testsuite name="BagIt Tests" tests="17" assertions="49" failures="0" errors="0" time="3.099363">
      <testsuite name="BagIt_AdminRoutingTest" file="/Applications/MAMP/htdocs/omeka_testing/plugins/BagIt/tests/integration/AdminRoutingTest.php" fullPackage="omeka.BagIt" package="omeka" subpackage="BagIt" tests="8" assertions="24" failures="0" errors="0" time="1.425946">
        <testcase name="testCanBrowseCollections" class="BagIt_AdminRoutingTest" file="/Applications/MAMP/htdocs/omeka_testing/plugins/BagIt/tests/integration/AdminRoutingTest.php" line="41" assertions="3" time="0.283293"/>
        <testcase name="testIndexRedirectWorks" class="BagIt_AdminRoutingTest" file="/Applications/MAMP/htdocs/omeka_testing/plugins/BagIt/tests/integration/AdminRoutingTest.php" line="51" assertions="3" time="0.163419"/>
        <testcase name="testCanViewImportInterface" class="BagIt_AdminRoutingTest" file="/Applications/MAMP/htdocs/omeka_testing/plugins/BagIt/tests/integration/AdminRoutingTest.php" line="61" assertions="3" time="0.175157"/>
        <testcase name="testImportRoute" class="BagIt_AdminRoutingTest" file="/Applications/MAMP/htdocs/omeka_testing/plugins/BagIt/tests/integration/AdminRoutingTest.php" line="71" assertions="3" time="0.158261"/>
        <testcase name="testBrowseCollectionRoute" class="BagIt_AdminRoutingTest" file="/Applications/MAMP/htdocs/omeka_testing/plugins/BagIt/tests/integration/AdminRoutingTest.php" line="81" assertions="3" time="0.160423"/>
        <testcase name="testDeleteCollectionRoute" class="BagIt_AdminRoutingTest" file="/Applications/MAMP/htdocs/omeka_testing/plugins/BagIt/tests/integration/AdminRoutingTest.php" line="92" assertions="3" time="0.158089"/>
        <testcase name="testExportPrepRoute" class="BagIt_AdminRoutingTest" file="/Applications/MAMP/htdocs/omeka_testing/plugins/BagIt/tests/integration/AdminRoutingTest.php" line="103" assertions="3" time="0.162034"/>
        <testcase name="testAddFilesRoute" class="BagIt_AdminRoutingTest" file="/Applications/MAMP/htdocs/omeka_testing/plugins/BagIt/tests/integration/AdminRoutingTest.php" line="114" assertions="3" time="0.165270"/>
      </testsuite>
      <testsuite name="BagIt_BagItTest" file="/Applications/MAMP/htdocs/omeka_testing/plugins/BagIt/tests/integration/BagItTest.php" fullPackage="omeka.BagIt" package="omeka" subpackage="BagIt" tests="2" assertions="9" failures="0" errors="0" time="0.399631">
        <testcase name="testCreateBag" class="BagIt_BagItTest" file="/Applications/MAMP/htdocs/omeka_testing/plugins/BagIt/tests/integration/BagItTest.php" line="56" assertions="3" time="0.221931"/>
        <testcase name="testReadBag" class="BagIt_BagItTest" file="/Applications/MAMP/htdocs/omeka_testing/plugins/BagIt/tests/integration/BagItTest.php" line="94" assertions="6" time="0.177700"/>
      </testsuite>
      <testsuite name="BagIt_CollectionsControllerTest" file="/Applications/MAMP/htdocs/omeka_testing/plugins/BagIt/tests/integration/CollectionsControllerTest.php" fullPackage="omeka.BagIt" package="omeka" subpackage="BagIt" tests="7" assertions="16" failures="0" errors="0" time="1.273786">
        <testcase name="testDetectNoCollections" class="BagIt_CollectionsControllerTest" file="/Applications/MAMP/htdocs/omeka_testing/plugins/BagIt/tests/integration/CollectionsControllerTest.php" line="57" assertions="2" time="0.162079"/>
        <testcase name="testAddCollection" class="BagIt_CollectionsControllerTest" file="/Applications/MAMP/htdocs/omeka_testing/plugins/BagIt/tests/integration/CollectionsControllerTest.php" line="66" assertions="2" time="0.160740"/>
        <testcase name="testRejectBlankCollectionName" class="BagIt_CollectionsControllerTest" file="/Applications/MAMP/htdocs/omeka_testing/plugins/BagIt/tests/integration/CollectionsControllerTest.php" line="81" assertions="1" time="0.194065"/>
        <testcase name="testCollectionNameTrim" class="BagIt_CollectionsControllerTest" file="/Applications/MAMP/htdocs/omeka_testing/plugins/BagIt/tests/integration/CollectionsControllerTest.php" line="95" assertions="1" time="0.160792"/>
        <testcase name="testDeleteCollection" class="BagIt_CollectionsControllerTest" file="/Applications/MAMP/htdocs/omeka_testing/plugins/BagIt/tests/integration/CollectionsControllerTest.php" line="109" assertions="4" time="0.177088"/>
        <testcase name="testDetectNoFilesToAdd" class="BagIt_CollectionsControllerTest" file="/Applications/MAMP/htdocs/omeka_testing/plugins/BagIt/tests/integration/CollectionsControllerTest.php" line="134" assertions="1" time="0.166769"/>
        <testcase name="testAddAndRemoveFiles" class="BagIt_CollectionsControllerTest" file="/Applications/MAMP/htdocs/omeka_testing/plugins/BagIt/tests/integration/CollectionsControllerTest.php" line="143" assertions="5" time="0.252253"/>
      </testsuite>
    </testsuite>
  </testsuite>
</testsuites>
